<?xml version="1.0" encoding="UTF-8"?>
<!-- Generated by org.testng.reporters.JUnitReportReporter -->
<testsuite hostname="DESKTOP-KBM2E74" failures="0" tests="15" name="logins.Loginexcl" time="38.797" errors="0" timestamp="2024-03-01T16:01:36 IST" skipped="0">
  <testcase classname="logins.Loginexcl" name="loginTest" time="2.459"/>
  <testcase classname="logins.Loginexcl" name="loginTest" time="2.503"/>
  <testcase classname="logins.Loginexcl" name="loginTest" time="2.453"/>
  <testcase classname="logins.Loginexcl" name="loginTest" time="2.477"/>
  <testcase classname="logins.Loginexcl" name="loginTest" time="2.585"/>
  <testcase classname="logins.Loginexcl" name="loginTest" time="2.465"/>
  <testcase classname="logins.Loginexcl" name="loginTest" time="2.471"/>
  <testcase classname="logins.Loginexcl" name="loginTest" time="2.672"/>
  <testcase classname="logins.Loginexcl" name="loginTest" time="2.449"/>
  <testcase classname="logins.Loginexcl" name="loginTest" time="3.859"/>
  <testcase classname="logins.Loginexcl" name="loginTest" time="2.461"/>
  <testcase classname="logins.Loginexcl" name="loginTest" time="2.474"/>
  <testcase classname="logins.Loginexcl" name="loginTest" time="2.468"/>
  <testcase classname="logins.Loginexcl" name="loginTest" time="2.557"/>
  <testcase classname="logins.Loginexcl" name="loginTest" time="2.444"/>
</testsuite> <!-- logins.Loginexcl -->
